# JRE version: OpenJDK Runtime Environment (21.0.3) (build 21.0.3+-12282718-b509.11)
# Java VM: OpenJDK 64-Bit Server VM (21.0.3+-12282718-b509.11, mixed mode, tiered, compressed oops, compressed class ptrs, g1 gc, windows-amd64)
GC Precious Log:
 CardTable entry size: 512
 Card Set container configuration: InlinePtr #cards 5 size 8 Array Of Cards #cards 12 size 40 Howl #buckets 4 coarsen threshold 1843 Howl Bitmap #cards 512 size 80 coarsen threshold 460 Card regions per heap region 1 cards per card region 2048
 CPUs: 4 total, 4 available
 Memory: 8107M
 Large Page Support: Disabled
 NUMA Support: Disabled
 Compressed Oops: Enabled (32-bit)
 Heap Region Size: 1M
 Heap Min Capacity: 8M
 Heap Initial Capacity: 128M
 Heap Max Capacity: 2G
 Pre-touch: Disabled
 Parallel Workers: 4
 Concurrent Workers: 1
 Concurrent Refinement Workers: 4
 Periodic GC: Disabled
Heap:
 garbage-first heap   total 102400K, used 83094K [0x0000000080000000, 0x0000000100000000)
  region size 1024K, 9 young (9216K), 1 survivors (1024K)
 Metaspace       used 58533K, committed 60032K, reserved 1114112K
  class space    used 7905K, committed 8640K, reserved 1048576K
GC Heap History (20 events):
Event: 36.809 GC heap before
{Heap before GC invocations=7 (full 0):
 garbage-first heap   total 78848K, used 50299K [0x0000000080000000, 0x0000000100000000)
  region size 1024K, 19 young (19456K), 5 survivors (5120K)
 Metaspace       used 35280K, committed 36096K, reserved 1114112K
  class space    used 4805K, committed 5248K, reserved 1048576K
}
Event: 36.835 GC heap after
{Heap after GC invocations=8 (full 0):
 garbage-first heap   total 78848K, used 42205K [0x0000000080000000, 0x0000000100000000)
  region size 1024K, 6 young (6144K), 6 survivors (6144K)
 Metaspace       used 35280K, committed 36096K, reserved 1114112K
  class space    used 4805K, committed 5248K, reserved 1048576K
}
Event: 65.800 GC heap before
{Heap before GC invocations=9 (full 0):
 garbage-first heap   total 78848K, used 66781K [0x0000000080000000, 0x0000000100000000)
  region size 1024K, 30 young (30720K), 6 survivors (6144K)
 Metaspace       used 38271K, committed 39232K, reserved 1114112K
  class space    used 5284K, committed 5760K, reserved 1048576K
}
Event: 65.824 GC heap after
{Heap after GC invocations=10 (full 0):
 garbage-first heap   total 78848K, used 43839K [0x0000000080000000, 0x0000000100000000)
  region size 1024K, 2 young (2048K), 2 survivors (2048K)
 Metaspace       used 38271K, committed 39232K, reserved 1114112K
  class space    used 5284K, committed 5760K, reserved 1048576K
}
Event: 81.067 GC heap before
{Heap before GC invocations=10 (full 0):
 garbage-first heap   total 78848K, used 67391K [0x0000000080000000, 0x0000000100000000)
  region size 1024K, 26 young (26624K), 2 survivors (2048K)
 Metaspace       used 41352K, committed 42560K, reserved 1114112K
  class space    used 5782K, committed 6400K, reserved 1048576K
}
Event: 81.089 GC heap after
{Heap after GC invocations=11 (full 0):
 garbage-first heap   total 78848K, used 44996K [0x0000000080000000, 0x0000000100000000)
  region size 1024K, 3 young (3072K), 3 survivors (3072K)
 Metaspace       used 41352K, committed 42560K, reserved 1114112K
  class space    used 5782K, committed 6400K, reserved 1048576K
}
Event: 101.090 GC heap before
{Heap before GC invocations=11 (full 0):
 garbage-first heap   total 78848K, used 68548K [0x0000000080000000, 0x0000000100000000)
  region size 1024K, 27 young (27648K), 3 survivors (3072K)
 Metaspace       used 46798K, committed 48000K, reserved 1114112K
  class space    used 6431K, committed 7040K, reserved 1048576K
}
Event: 101.111 GC heap after
{Heap after GC invocations=12 (full 0):
 garbage-first heap   total 78848K, used 47773K [0x0000000080000000, 0x0000000100000000)
  region size 1024K, 4 young (4096K), 4 survivors (4096K)
 Metaspace       used 46798K, committed 48000K, reserved 1114112K
  class space    used 6431K, committed 7040K, reserved 1048576K
}
Event: 104.952 GC heap before
{Heap before GC invocations=13 (full 0):
 garbage-first heap   total 81920K, used 69277K [0x0000000080000000, 0x0000000100000000)
  region size 1024K, 26 young (26624K), 4 survivors (4096K)
 Metaspace       used 48940K, committed 50176K, reserved 1114112K
  class space    used 6675K, committed 7296K, reserved 1048576K
}
Event: 104.960 GC heap after
{Heap after GC invocations=14 (full 0):
 garbage-first heap   total 81920K, used 50632K [0x0000000080000000, 0x0000000100000000)
  region size 1024K, 3 young (3072K), 3 survivors (3072K)
 Metaspace       used 48940K, committed 50176K, reserved 1114112K
  class space    used 6675K, committed 7296K, reserved 1048576K
}
Event: 110.564 GC heap before
{Heap before GC invocations=14 (full 0):
 garbage-first heap   total 81920K, used 77256K [0x0000000080000000, 0x0000000100000000)
  region size 1024K, 25 young (25600K), 3 survivors (3072K)
 Metaspace       used 51041K, committed 52352K, reserved 1114112K
  class space    used 6844K, committed 7488K, reserved 1048576K
}
Event: 110.570 GC heap after
{Heap after GC invocations=15 (full 0):
 garbage-first heap   total 83968K, used 51543K [0x0000000080000000, 0x0000000100000000)
  region size 1024K, 3 young (3072K), 3 survivors (3072K)
 Metaspace       used 51041K, committed 52352K, reserved 1114112K
  class space    used 6844K, committed 7488K, reserved 1048576K
}
Event: 112.668 GC heap before
{Heap before GC invocations=15 (full 0):
 garbage-first heap   total 83968K, used 75095K [0x0000000080000000, 0x0000000100000000)
  region size 1024K, 26 young (26624K), 3 survivors (3072K)
 Metaspace       used 53836K, committed 55296K, reserved 1114112K
  class space    used 7333K, committed 8064K, reserved 1048576K
}
Event: 112.675 GC heap after
{Heap after GC invocations=16 (full 0):
 garbage-first heap   total 83968K, used 53049K [0x0000000080000000, 0x0000000100000000)
  region size 1024K, 2 young (2048K), 2 survivors (2048K)
 Metaspace       used 53836K, committed 55296K, reserved 1114112K
  class space    used 7333K, committed 8064K, reserved 1048576K
}
Event: 118.538 GC heap before
{Heap before GC invocations=17 (full 0):
 garbage-first heap   total 92160K, used 77625K [0x0000000080000000, 0x0000000100000000)
  region size 1024K, 24 young (24576K), 2 survivors (2048K)
 Metaspace       used 55923K, committed 57408K, reserved 1114112K
  class space    used 7693K, committed 8448K, reserved 1048576K
}
Event: 118.544 GC heap after
{Heap after GC invocations=18 (full 0):
 garbage-first heap   total 92160K, used 57873K [0x0000000080000000, 0x0000000100000000)
  region size 1024K, 3 young (3072K), 3 survivors (3072K)
 Metaspace       used 55923K, committed 57408K, reserved 1114112K
  class space    used 7693K, committed 8448K, reserved 1048576K
}
Event: 152.517 GC heap before
{Heap before GC invocations=18 (full 0):
 garbage-first heap   total 94208K, used 92689K [0x0000000080000000, 0x0000000100000000)
  region size 1024K, 24 young (24576K), 3 survivors (3072K)
 Metaspace       used 57502K, committed 59008K, reserved 1114112K
  class space    used 7770K, committed 8512K, reserved 1048576K
}
Event: 152.560 GC heap after
{Heap after GC invocations=19 (full 0):
 garbage-first heap   total 102400K, used 74695K [0x0000000080000000, 0x0000000100000000)
  region size 1024K, 4 young (4096K), 4 survivors (4096K)
 Metaspace       used 57502K, committed 59008K, reserved 1114112K
  class space    used 7770K, committed 8512K, reserved 1048576K
}
Event: 162.056 GC heap before
{Heap before GC invocations=19 (full 0):
 garbage-first heap   total 102400K, used 92103K [0x0000000080000000, 0x0000000100000000)
  region size 1024K, 22 young (22528K), 4 survivors (4096K)
 Metaspace       used 58521K, committed 60032K, reserved 1114112K
  class space    used 7902K, committed 8640K, reserved 1048576K
}
Event: 162.062 GC heap after
{Heap after GC invocations=20 (full 0):
 garbage-first heap   total 102400K, used 75926K [0x0000000080000000, 0x0000000100000000)
  region size 1024K, 1 young (1024K), 1 survivors (1024K)
 Metaspace       used 58521K, committed 60032K, reserved 1114112K
  class space    used 7902K, committed 8640K, reserved 1048576K
}

